{
  "RSpec": {
    "coverage": {
      "/home/risible-integer-6009/tic-tac-toe-rb-online-web-sp-000/lib/tic_tac_toe.rb": [
        1,
        null,
        1,
        null,
        1,
        7,
        7,
        7,
        7,
        7,
        null,
        null,
        1,
        5,
        null,
        null,
        1,
        5,
        null,
        null,
        1,
        7,
        null,
        null,
        null,
        1,
        4,
        null,
        null,
        4,
        4,
        4,
        36,
        5,
        null,
        null,
        4,
        null,
        null,
        4,
        3,
        3,
        3,
        null,
        0,
        null,
        3,
        null,
        null,
        4,
        2,
        2,
        2,
        2,
        2,
        2,
        null,
        0,
        null,
        null,
        null,
        null,
        4,
        3,
        3,
        3,
        3,
        null,
        3,
        0,
        0,
        null,
        0,
        0,
        0,
        0,
        null,
        null,
        0,
        null,
        null,
        4,
        23,
        null,
        null,
        4,
        5,
        1,
        null,
        0,
        null,
        null,
        null,
        4,
        3,
        0,
        null,
        0,
        null,
        null,
        null,
        4,
        3,
        3,
        0,
        null,
        null,
        0,
        0,
        null,
        0,
        null,
        null,
        null,
        null,
        4,
        12,
        4,
        null,
        0,
        0,
        0,
        0,
        null,
        null,
        null
      ]
    },
    "timestamp": 1565335167
  }
}
